<?xml version="1.0" encoding="UTF-8"?>
<!-- Generated by org.testng.reporters.JUnitReportReporter -->
<testsuite hostname="DESKTOP-9BO1O6A" name="com.flightBooking.scripts.TicketBookingTest" tests="3" failures="0" timestamp="1 Jan 2021 13:59:50 GMT" time="26.396" errors="0">
  <testcase name="ticketBookingVairification" time="5.674" classname="com.flightBooking.scripts.TicketBookingTest"/>
  <testcase name="roundTripTicketTest" time="11.730" classname="com.flightBooking.scripts.TicketBookingTest"/>
  <testcase name="selectAndBookFlight" time="8.992" classname="com.flightBooking.scripts.TicketBookingTest"/>
</testsuite> <!-- com.flightBooking.scripts.TicketBookingTest -->
