<?xml version="1.0" encoding="UTF-8"?>
<!-- Generated by org.testng.reporters.JUnitReportReporter -->
<testsuite hostname="DESKTOP-9BO1O6A" name="com.flightBooking.scripts.TicketBookingTest" tests="2" failures="0" timestamp="31 Dec 2020 21:15:34 GMT" time="17.813" errors="0">
  <testcase name="roundTripTicketTest" time="13.236" classname="com.flightBooking.scripts.TicketBookingTest"/>
  <testcase name="selectAndBookFlight" time="4.577" classname="com.flightBooking.scripts.TicketBookingTest"/>
</testsuite> <!-- com.flightBooking.scripts.TicketBookingTest -->
